<?xml version="1.0" encoding="UTF-8"?>
<!-- Generated by org.testng.reporters.JUnitReportReporter -->
<testsuite hostname="LAPTOP-76O6A7JS" failures="0" tests="3" name="common.qa.test.SearchMoive_Test" time="37.105" errors="0" timestamp="2022-11-04T09:46:12 IST" skipped="0">
  <testcase classname="common.qa.test.SearchMoive_Test" name="testIMBDPAge" time="23.121"/>
  <testcase classname="common.qa.test.SearchMoive_Test" name="testWikiPage" time="10.217"/>
  <testcase classname="common.qa.test.SearchMoive_Test" name="testValidateMoviewDeatils" time="3.767"/>
</testsuite> <!-- common.qa.test.SearchMoive_Test -->
